<?xml version="1.0" encoding="UTF-8"?>
<!-- Generated by org.testng.reporters.JUnitReportReporter -->
<testsuite hostname="DESKTOP-SP8UJ8Q" failures="0" tests="3" name="script.Demo2" time="12.188" errors="0" timestamp="2022-05-10T08:28:56 IST" skipped="0">
  <testcase classname="script.Demo2" name="test2" time="4.283"/>
  <system-out>
    <![CDATA[Facebook – log in or sign up
A3
B3]]>
  </system-out>
  <testcase classname="script.Demo2" name="test2" time="4.247"/>
  <system-out>
    <![CDATA[Facebook – log in or sign up
A2
B2]]>
  </system-out>
  <testcase classname="script.Demo2" name="test2" time="3.658"/>
  <system-out>
    <![CDATA[Facebook – log in or sign up
A1
B1]]>
  </system-out>
</testsuite> <!-- script.Demo2 -->
