<?xml version="1.0" encoding="UTF-8"?>
<!-- Generated by org.testng.reporters.JUnitReportReporter -->
<testsuite hostname="DESKTOP-SP8UJ8Q" failures="0" tests="1" name="script.Demo4" time="0.670" errors="0" timestamp="2022-05-10T08:05:51 IST" skipped="0">
  <testcase classname="script.Demo4" name="test_report" time="0.670"/>
  <system-out/>
</testsuite> <!-- script.Demo4 -->
